[08:51:55] [ServerMain/INFO]: Environment: Environment[sessionHost=https://sessionserver.mojang.com, servicesHost=https://api.minecraftservices.com, profilesHost=https://api.mojang.com, name=PROD]
[08:51:57] [ServerMain/INFO]: Loaded 1461 recipes
[08:51:57] [ServerMain/INFO]: Loaded 1574 advancements
[08:51:57] [Server thread/INFO]: Starting minecraft server version 1.21.10
[08:51:57] [Server thread/INFO]: Loading properties
[08:51:57] [Server thread/INFO]: Default game type: SURVIVAL
[08:51:57] [Server thread/INFO]: Generating keypair
[08:51:57] [Server thread/INFO]: Starting Minecraft server on *:25565
[08:51:57] [Server thread/INFO]: Using epoll channel type
[08:51:57] [Server thread/INFO]: Preparing level "universe"
[08:51:58] [Server thread/INFO]: Loading 0 persistent chunks...
[08:51:58] [Server thread/INFO]: Preparing spawn area: 100%
[08:51:58] [Server thread/INFO]: Time elapsed: 12 ms
[08:51:58] [Server thread/INFO]: Done (0.601s)! For help, type "help"
[08:51:58] [Server thread/INFO]: Starting remote control listener
[08:51:58] [Server thread/INFO]: Thread RCON Listener started
[08:51:58] [Server thread/INFO]: RCON running on 0.0.0.0:25575
[08:53:39] [RCON Listener #1/INFO]: Thread RCON Client /127.0.0.1 started
[08:53:39] [Server thread/INFO]: [Rcon: Stopping the server]
[08:53:39] [RCON Client /127.0.0.1 #2/INFO]: Thread RCON Client /127.0.0.1 shutting down
[08:53:39] [Server thread/INFO]: Stopping server
[08:53:39] [Server thread/INFO]: Saving players
[08:53:39] [Server thread/INFO]: Saving worlds
[08:53:39] [Server thread/INFO]: Saving chunks for level 'ServerLevel[universe]'/minecraft:overworld
[08:53:39] [Server thread/INFO]: Saving chunks for level 'ServerLevel[universe]'/minecraft:the_nether
[08:53:39] [Server thread/INFO]: Saving chunks for level 'ServerLevel[universe]'/minecraft:the_end
[08:53:39] [Server thread/INFO]: ThreadedAnvilChunkStorage (universe): All chunks are saved
[08:53:39] [Server thread/INFO]: ThreadedAnvilChunkStorage (DIM-1): All chunks are saved
[08:53:39] [Server thread/INFO]: ThreadedAnvilChunkStorage (DIM1): All chunks are saved
[08:53:39] [Server thread/INFO]: ThreadedAnvilChunkStorage: All dimensions are saved
[08:53:39] [Server thread/INFO]: Thread RCON Listener stopped
